[04-Apr-2023 18:08:23 Europe/Berlin] PHP Warning:  Undefined array key "Nom" in D:\APP\XAMPP\htdocs\Projet-java-Android-reseau\connexion.php on line 20
[04-Apr-2023 18:08:23 Europe/Berlin] PHP Warning:  Undefined array key "mdp" in D:\APP\XAMPP\htdocs\Projet-java-Android-reseau\connexion.php on line 21
[04-Apr-2023 18:08:33 Europe/Berlin] PHP Warning:  Undefined array key "Nom" in D:\APP\XAMPP\htdocs\Projet-java-Android-reseau\connexion.php on line 20
[04-Apr-2023 18:08:33 Europe/Berlin] PHP Warning:  Undefined array key "mdp" in D:\APP\XAMPP\htdocs\Projet-java-Android-reseau\connexion.php on line 21
[07-Apr-2023 17:20:21 Europe/Berlin] PHP Warning:  Undefined array key "pseudo" in D:\APP\XAMPP\htdocs\Projet-java-Android-reseau\connexion.php on line 20
[07-Apr-2023 17:20:27 Europe/Berlin] PHP Warning:  Undefined array key "pseudo" in D:\APP\XAMPP\htdocs\Projet-java-Android-reseau\connexion.php on line 20
[07-Apr-2023 17:20:57 Europe/Berlin] PHP Warning:  Undefined array key "pseudo" in D:\APP\XAMPP\htdocs\Projet-java-Android-reseau\connexion.php on line 20
[07-Apr-2023 17:26:09 Europe/Berlin] PHP Warning:  Undefined array key "pseudo" in D:\APP\XAMPP\htdocs\Projet-java-Android-reseau\connexion.php on line 20
[07-Apr-2023 17:27:26 Europe/Berlin] PHP Warning:  Undefined array key "nom" in D:\APP\XAMPP\htdocs\Projet-java-Android-reseau\connexion.php on line 35
[07-Apr-2023 17:29:46 Europe/Berlin] PHP Warning:  Undefined array key "nom" in D:\APP\XAMPP\htdocs\Projet-java-Android-reseau\connexion.php on line 35
[07-Apr-2023 17:30:07 Europe/Berlin] PHP Warning:  Undefined array key "nom" in D:\APP\XAMPP\htdocs\Projet-java-Android-reseau\connexion.php on line 35
[07-Apr-2023 20:41:27 Europe/Berlin] PHP Warning:  Undefined array key "nom" in D:\APP\XAMPP\htdocs\Projet-java-Android-reseau\connexion.php on line 35
[07-Apr-2023 20:55:33 Europe/Berlin] PHP Warning:  Undefined array key "nom" in D:\APP\XAMPP\htdocs\Projet-java-Android-reseau\connexion.php on line 35
[07-Apr-2023 20:58:16 Europe/Berlin] PHP Warning:  Undefined array key "nom" in D:\APP\XAMPP\htdocs\Projet-java-Android-reseau\connexion.php on line 35
[07-Apr-2023 21:28:24 Europe/Berlin] PHP Warning:  Undefined array key "nom" in D:\APP\XAMPP\htdocs\Projet-java-Android-reseau\connexion.php on line 35
[07-Apr-2023 21:29:19 Europe/Berlin] PHP Warning:  Undefined array key "nom" in D:\APP\XAMPP\htdocs\Projet-java-Android-reseau\connexion.php on line 35
[10-Apr-2023 11:40:35 Europe/Berlin] PHP Fatal error:  Uncaught mysqli_sql_exception: Aucune connexion n’a pu être établie car l’ordinateur cible l’a expressément refusée in D:\APP\XAMPP\htdocs\Projet-java-Android-reseau\connexion.php:11
Stack trace:
#0 D:\APP\XAMPP\htdocs\Projet-java-Android-reseau\connexion.php(11): mysqli_connect('localhost', 'root', Object(SensitiveParameterValue), 'reseau_social')
#1 {main}
  thrown in D:\APP\XAMPP\htdocs\Projet-java-Android-reseau\connexion.php on line 11
[10-Apr-2023 11:40:39 Europe/Berlin] PHP Fatal error:  Uncaught mysqli_sql_exception: Aucune connexion n’a pu être établie car l’ordinateur cible l’a expressément refusée in D:\APP\XAMPP\htdocs\Projet-java-Android-reseau\connexion.php:11
Stack trace:
#0 D:\APP\XAMPP\htdocs\Projet-java-Android-reseau\connexion.php(11): mysqli_connect('localhost', 'root', Object(SensitiveParameterValue), 'reseau_social')
#1 {main}
  thrown in D:\APP\XAMPP\htdocs\Projet-java-Android-reseau\connexion.php on line 11
